<?xml version="1.0" encoding="UTF-8"?>
<!-- Generated by org.testng.reporters.JUnitReportReporter -->
<testsuite skipped="0" hostname="RSLPTP862" name="Selenium1.ToDoMVCTest" tests="1" failures="0" timestamp="16 Feb 2019 14:31:22 GMT" time="11.501" errors="0">
  <testcase name="startUp" time="11.501" classname="Selenium1.ToDoMVCTest"/>
</testsuite> <!-- Selenium1.ToDoMVCTest -->
