<?xml version="1.0" encoding="UTF-8"?>
<!-- Generated by org.testng.reporters.JUnitReportReporter -->
<testsuite skipped="0" hostname="RSLPTP862" name="JavaProgram8.ParameterizationTestNG" tests="1" failures="0" timestamp="05 Mar 2019 12:01:53 GMT" time="0.015" errors="0">
  <testcase name="test1" time="0.015" classname="JavaProgram8.ParameterizationTestNG"/>
</testsuite> <!-- JavaProgram8.ParameterizationTestNG -->
