<?xml version="1.0" encoding="UTF-8"?>
<!-- Generated by org.testng.reporters.JUnitReportReporter -->
<testsuite skipped="0" hostname="RSLPTP862" name="Selenium1.RegularExpressionInTestNGxml" tests="2" failures="0" timestamp="17 Feb 2019 06:45:26 GMT" time="0.007" errors="0">
  <testcase name="productTest1" time="0.000" classname="Selenium1.RegularExpressionInTestNGxml"/>
  <testcase name="Test1" time="0.007" classname="Selenium1.RegularExpressionInTestNGxml"/>
</testsuite> <!-- Selenium1.RegularExpressionInTestNGxml -->
