<?xml version="1.0" encoding="UTF-8"?>
<!-- Generated by org.testng.reporters.JUnitReportReporter -->
<testsuite skipped="0" hostname="RSLPTP862" name="Selenium1.UsingDriverInstanceFromAnotherClass" tests="2" failures="0" timestamp="28 Feb 2019 08:54:59 GMT" time="9.686" errors="0">
  <testcase name="method1" time="9.530" classname="Selenium1.UsingDriverInstanceFromAnotherClass"/>
  <testcase name="start" time="0.156" classname="Selenium1.UsingDriverInstanceFromAnotherClass"/>
</testsuite> <!-- Selenium1.UsingDriverInstanceFromAnotherClass -->
