<?xml version="1.0" encoding="UTF-8"?>
<!-- Generated by org.testng.reporters.JUnitReportReporter -->
<testsuite skipped="0" hostname="RSLPTP862" name="JavaProgram8.RunningTestCaseMultipleTimes" tests="6" failures="0" timestamp="04 Mar 2019 16:27:27 GMT" time="0.000" errors="0">
  <testcase name="test1" time="0.000" classname="JavaProgram8.RunningTestCaseMultipleTimes"/>
  <testcase name="test2" time="0.000" classname="JavaProgram8.RunningTestCaseMultipleTimes"/>
  <testcase name="test3" time="0.000" classname="JavaProgram8.RunningTestCaseMultipleTimes"/>
  <testcase name="test3" time="0.000" classname="JavaProgram8.RunningTestCaseMultipleTimes"/>
  <testcase name="test1" time="0.000" classname="JavaProgram8.RunningTestCaseMultipleTimes"/>
  <testcase name="test1" time="0.000" classname="JavaProgram8.RunningTestCaseMultipleTimes"/>
</testsuite> <!-- JavaProgram8.RunningTestCaseMultipleTimes -->
