<?xml version="1.0" encoding="UTF-8"?>
<!-- Generated by org.testng.reporters.JUnitReportReporter -->
<testsuite skipped="0" hostname="RSLPTP862" name="Automation.RunningTestMultipleTimeTestNG" tests="5" failures="0" timestamp="07 Feb 2019 10:51:43 GMT" time="0.015" errors="0">
  <testcase name="print" time="0.001" classname="Automation.RunningTestMultipleTimeTestNG"/>
  <testcase name="print" time="0.001" classname="Automation.RunningTestMultipleTimeTestNG"/>
  <testcase name="print" time="0.001" classname="Automation.RunningTestMultipleTimeTestNG"/>
  <testcase name="print" time="0.001" classname="Automation.RunningTestMultipleTimeTestNG"/>
  <testcase name="print" time="0.011" classname="Automation.RunningTestMultipleTimeTestNG"/>
</testsuite> <!-- Automation.RunningTestMultipleTimeTestNG -->
