<?xml version="1.0" encoding="UTF-8"?>
<!-- Generated by org.testng.reporters.JUnitReportReporter -->
<testsuite skipped="0" hostname="RSLPTP862" name="Selenium1.SharingDriverInstanceBetweenMethods" tests="2" failures="0" timestamp="28 Feb 2019 08:48:59 GMT" time="46.514" errors="0">
  <testcase name="method1" time="45.885" classname="Selenium1.SharingDriverInstanceBetweenMethods"/>
  <testcase name="method2" time="0.629" classname="Selenium1.SharingDriverInstanceBetweenMethods"/>
</testsuite> <!-- Selenium1.SharingDriverInstanceBetweenMethods -->
