<?xml version="1.0" encoding="UTF-8"?>
<!-- Generated by org.testng.reporters.JUnitReportReporter -->
<testsuite skipped="0" hostname="RSLPTP862" name="JavaProgram9.GroupingTestCases" tests="3" failures="0" timestamp="11 Mar 2019 09:29:23 GMT" time="0.017" errors="0">
  <testcase name="test1" time="0.015" classname="JavaProgram9.GroupingTestCases"/>
  <testcase name="test3" time="0.001" classname="JavaProgram9.GroupingTestCases"/>
  <testcase name="test5" time="0.001" classname="JavaProgram9.GroupingTestCases"/>
</testsuite> <!-- JavaProgram9.GroupingTestCases -->
