<?xml version="1.0" encoding="UTF-8"?>
<!-- Generated by org.testng.reporters.JUnitReportReporter -->
<testsuite skipped="0" hostname="RSLPTP862" name="JavaProgram9.RegularExpressionTestNGDemo" tests="4" failures="0" timestamp="12 Mar 2019 12:04:09 GMT" time="0.042" errors="0">
  <testcase name="test2" time="0.001" classname="JavaProgram9.RegularExpressionTestNGDemo"/>
  <testcase name="test1" time="0.002" classname="JavaProgram9.RegularExpressionTestNGDemo"/>
  <testcase name="Test2" time="0.002" classname="JavaProgram9.RegularExpressionTestNGDemo"/>
  <testcase name="Test1" time="0.037" classname="JavaProgram9.RegularExpressionTestNGDemo"/>
</testsuite> <!-- JavaProgram9.RegularExpressionTestNGDemo -->
