<?xml version="1.0" encoding="UTF-8"?>
<!-- Generated by org.testng.reporters.JUnitReportReporter -->
<testsuite skipped="1" hostname="RSLPTP862" name="Automation.IncludeExcludeTestNGDemo" tests="11" failures="0" timestamp="14 Feb 2019 15:41:04 GMT" time="0.046" errors="0">
  <testcase name="test5" time="0.000" classname="Automation.IncludeExcludeTestNGDemo"/>
  <testcase name="test7" time="0.000" classname="Automation.IncludeExcludeTestNGDemo"/>
  <testcase name="test7" time="0.000" classname="Automation.IncludeExcludeTestNGDemo"/>
  <testcase name="test4" time="0.000" classname="Automation.IncludeExcludeTestNGDemo"/>
  <testcase name="test5" time="0.031" classname="Automation.IncludeExcludeTestNGDemo"/>
  <testcase name="test5" time="0.000" classname="Automation.IncludeExcludeTestNGDemo"/>
  <testcase name="test7" time="0.000" classname="Automation.IncludeExcludeTestNGDemo"/>
  <testcase name="test8" time="0.000" classname="Automation.IncludeExcludeTestNGDemo"/>
  <testcase name="test7" time="0.000" classname="Automation.IncludeExcludeTestNGDemo"/>
  <testcase name="test3" time="0.015" classname="Automation.IncludeExcludeTestNGDemo"/>
  <testcase name="test6" classname="Automation.IncludeExcludeTestNGDemo">
    <skipped/>
  </testcase> <!-- test6 -->
</testsuite> <!-- Automation.IncludeExcludeTestNGDemo -->
