<?xml version="1.0" encoding="UTF-8"?>
<!-- Generated by org.testng.reporters.JUnitReportReporter -->
<testsuite skipped="0" hostname="RSLPTP862" name="Selenium1.ThreadPoolSizeDemo" tests="6" failures="0" timestamp="17 Feb 2019 07:02:07 GMT" time="0.162" errors="0">
  <testcase name="threadPoolwithInvocationCount" time="0.033" classname="Selenium1.ThreadPoolSizeDemo"/>
  <testcase name="threadPoolwithInvocationCount" time="0.032" classname="Selenium1.ThreadPoolSizeDemo"/>
  <testcase name="threadPoolwithoutInvocationCount" time="0.001" classname="Selenium1.ThreadPoolSizeDemo"/>
  <testcase name="threadPoolwithInvocationCount" time="0.032" classname="Selenium1.ThreadPoolSizeDemo"/>
  <testcase name="threadPoolwithInvocationCount" time="0.032" classname="Selenium1.ThreadPoolSizeDemo"/>
  <testcase name="threadPoolwithInvocationCount" time="0.032" classname="Selenium1.ThreadPoolSizeDemo"/>
</testsuite> <!-- Selenium1.ThreadPoolSizeDemo -->
