<?xml version="1.0" encoding="UTF-8"?>
<!-- Generated by org.testng.reporters.JUnitReportReporter -->
<testsuite skipped="0" hostname="RSLPTP862" name="JavaProgram8.ParallelTestingDemo" tests="4" failures="0" timestamp="04 Mar 2019 10:41:37 GMT" time="0.078" errors="0">
  <testcase name="test4" time="0.019" classname="JavaProgram8.ParallelTestingDemo"/>
  <testcase name="test2" time="0.023" classname="JavaProgram8.ParallelTestingDemo"/>
  <testcase name="test1" time="0.018" classname="JavaProgram8.ParallelTestingDemo"/>
  <testcase name="test3" time="0.018" classname="JavaProgram8.ParallelTestingDemo"/>
</testsuite> <!-- JavaProgram8.ParallelTestingDemo -->
