<?xml version="1.0" encoding="UTF-8"?>
<!-- Generated by org.testng.reporters.JUnitReportReporter -->
<testsuite skipped="0" hostname="RSLPTP862" name="Automation.FindByAnnotationDemo1" tests="1" failures="0" timestamp="06 Feb 2019 10:09:42 GMT" time="21.391" errors="0">
  <testcase name="execution" time="21.391" classname="Automation.FindByAnnotationDemo1"/>
</testsuite> <!-- Automation.FindByAnnotationDemo1 -->
