<?xml version="1.0" encoding="UTF-8"?>
<!-- Generated by org.testng.reporters.JUnitReportReporter -->
<testsuite skipped="0" hostname="RSLPTP862" name="Automation.GroupAnnotationTestNGDemo" tests="7" failures="0" timestamp="06 Feb 2019 08:54:15 GMT" time="0.022" errors="0">
  <testcase name="test5" time="0.002" classname="Automation.GroupAnnotationTestNGDemo"/>
  <testcase name="test6" time="0.001" classname="Automation.GroupAnnotationTestNGDemo"/>
  <testcase name="test7" time="0.002" classname="Automation.GroupAnnotationTestNGDemo"/>
  <testcase name="test8" time="0.002" classname="Automation.GroupAnnotationTestNGDemo"/>
  <testcase name="test2" time="0.013" classname="Automation.GroupAnnotationTestNGDemo"/>
  <testcase name="test3" time="0.001" classname="Automation.GroupAnnotationTestNGDemo"/>
  <testcase name="test4" time="0.001" classname="Automation.GroupAnnotationTestNGDemo"/>
</testsuite> <!-- Automation.GroupAnnotationTestNGDemo -->
