<?xml version="1.0" encoding="UTF-8"?>
<!-- Generated by org.testng.reporters.JUnitReportReporter -->
<testsuite skipped="0" hostname="RSLPTP862" name="Selenium2.IgnoreExceptionInTestNG" tests="2" failures="0" timestamp="06 Mar 2019 09:12:27 GMT" time="0.019" errors="0">
  <testcase name="test1" time="0.013" classname="Selenium2.IgnoreExceptionInTestNG"/>
  <testcase name="test2" time="0.006" classname="Selenium2.IgnoreExceptionInTestNG"/>
</testsuite> <!-- Selenium2.IgnoreExceptionInTestNG -->
