<?xml version="1.0" encoding="UTF-8"?>
<!-- Generated by org.testng.reporters.JUnitReportReporter -->
<testsuite skipped="0" hostname="RSLPTP862" name="JavaProgram9.FindByAnnotationDemo2" tests="1" failures="0" timestamp="11 Mar 2019 09:13:05 GMT" time="15.329" errors="0">
  <testcase name="test" time="15.329" classname="JavaProgram9.FindByAnnotationDemo2"/>
</testsuite> <!-- JavaProgram9.FindByAnnotationDemo2 -->
