<?xml version="1.0" encoding="UTF-8"?>
<!-- Generated by org.testng.reporters.JUnitReportReporter -->
<testsuite skipped="0" hostname="RSLPTP862" name="JavaProgram8.DataProviderWithExcelSheetRead" tests="3" failures="0" timestamp="04 Mar 2019 12:35:09 GMT" time="0.013" errors="0">
  <testcase name="dataGetter" time="0.010" classname="JavaProgram8.DataProviderWithExcelSheetRead"/>
  <testcase name="dataGetter" time="0.001" classname="JavaProgram8.DataProviderWithExcelSheetRead"/>
  <testcase name="dataGetter" time="0.002" classname="JavaProgram8.DataProviderWithExcelSheetRead"/>
</testsuite> <!-- JavaProgram8.DataProviderWithExcelSheetRead -->
